;  LST file generated by mikroListExporter - v.2.0 
; Date/Time: 1/23/2023 4:22:59 PM
;----------------------------------------------

;Address Opcode 	ASM
0x0000	0x2949      	GOTO       329
_interrupt:
0x0004	0x00FF      	MOVWF      R15
0x0005	0x0E03      	SWAPF      STATUS, 0
0x0006	0x0183      	CLRF       STATUS
0x0007	0x00C8      	MOVWF      ___saveSTATUS
0x0008	0x080A      	MOVF       PCLATH, 0
0x0009	0x00C7      	MOVWF      ___savePCLATH
0x000A	0x018A      	CLRF       PCLATH
0x000B	0x0870      	MOVF       R0, 0
0x000C	0x00A1      	MOVWF      33
;MyProject.c,42 :: 		void interrupt(void)
;MyProject.c,46 :: 		if (INTCON&0x01)
0x000D	0x1C0B      	BTFSS      INTCON, 0
0x000E	0x2811      	GOTO       L_interrupt0
;MyProject.c,48 :: 		PORTB=0x00;
0x000F	0x0186      	CLRF       PORTB
;MyProject.c,49 :: 		PORTD=0x00;
0x0010	0x0188      	CLRF       PORTD
;MyProject.c,50 :: 		}
L_interrupt0:
;MyProject.c,52 :: 		INTCON = INTCON & 0xFD;
0x0011	0x30FD      	MOVLW      253
0x0012	0x058B      	ANDWF      INTCON, 1
;MyProject.c,53 :: 		}
L_end_interrupt:
L__interrupt50:
0x0013	0x0821      	MOVF       33, 0
0x0014	0x00F0      	MOVWF      R0
0x0015	0x0847      	MOVF       ___savePCLATH, 0
0x0016	0x008A      	MOVWF      PCLATH
0x0017	0x0E48      	SWAPF      ___saveSTATUS, 0
0x0018	0x0083      	MOVWF      STATUS
0x0019	0x0EFF      	SWAPF      R15, 1
0x001A	0x0E7F      	SWAPF      R15, 0
0x001B	0x0009      	RETFIE
; end of _interrupt
_FIXSIGN32:
;__Lib_MathDouble.c,112 :: 		
;__Lib_MathDouble.c,116 :: 		
0x001C	0x1FFA      	BTFSS      R10, 7
;__Lib_MathDouble.c,117 :: 		
0x001D	0x13F2      	BCF        R2, 7
;__Lib_MathDouble.c,118 :: 		
0x001E	0x3000      	MOVLW      0
;__Lib_MathDouble.c,120 :: 		
L_end_FIXSIGN32:
0x001F	0x0008      	RETURN
; end of _FIXSIGN32
_RES032:
;__Lib_MathDouble.c,123 :: 		
;__Lib_MathDouble.c,128 :: 		
0x0020	0x01F2      	CLRF       R2
;__Lib_MathDouble.c,129 :: 		
0x0021	0x01F1      	CLRF       R1
;__Lib_MathDouble.c,130 :: 		
0x0022	0x01F0      	CLRF       R0
;__Lib_MathDouble.c,131 :: 		
0x0023	0x01F8      	CLRF       R8
;__Lib_MathDouble.c,132 :: 		
0x0024	0x01F3      	CLRF       R3
;__Lib_MathDouble.c,133 :: 		
0x0025	0x3000      	MOVLW      0
;__Lib_MathDouble.c,135 :: 		
L_end_RES032:
0x0026	0x0008      	RETURN
; end of _RES032
_SETFUN32:
;__Lib_MathDouble.c,138 :: 		
;__Lib_MathDouble.c,145 :: 		
0x0027	0x157B      	BSF        R11, 2
;__Lib_MathDouble.c,146 :: 		
0x0028	0x1FFB      	BTFSS      R11, 7
;__Lib_MathDouble.c,147 :: 		
0x0029	0x2831      	GOTO       SETFUN32EEE
;__Lib_MathDouble.c,148 :: 		
0x002A	0x3001      	MOVLW      1
;__Lib_MathDouble.c,149 :: 		
0x002B	0x00F3      	MOVWF      R3
;__Lib_MathDouble.c,150 :: 		
0x002C	0x01F2      	CLRF       R2
;__Lib_MathDouble.c,151 :: 		
0x002D	0x01F1      	CLRF       R1
;__Lib_MathDouble.c,152 :: 		
0x002E	0x01F0      	CLRF       R0
;__Lib_MathDouble.c,153 :: 		
0x002F	0x0DFA      	RLF        R10, 1
;__Lib_MathDouble.c,154 :: 		
0x0030	0x0CF2      	RRF        R2, 1
;__Lib_MathDouble.c,155 :: 		
SETFUN32EEE:
;__Lib_MathDouble.c,156 :: 		
0x0031	0x30FF      	MOVLW      255
;__Lib_MathDouble.c,158 :: 		
L_end_SETFUN32:
0x0032	0x0008      	RETURN
; end of _SETFUN32
_NRM3232:
;__Lib_MathDouble.c,167 :: 		
;__Lib_MathDouble.c,173 :: 		
;__Lib_MathDouble.c,175 :: 		
0x0033	0x01A0      	CLRF       __math_tempbD
;__Lib_MathDouble.c,176 :: 		
0x0034	0x0872      	MOVF       R2, 0
;__Lib_MathDouble.c,177 :: 		
0x0035	0x1D03      	BTFSS      STATUS, 2
;__Lib_MathDouble.c,178 :: 		
0x0036	0x2848      	GOTO       NORM3232
;__Lib_MathDouble.c,179 :: 		
0x0037	0x0871      	MOVF       R1, 0
;__Lib_MathDouble.c,180 :: 		
0x0038	0x00F2      	MOVWF      R2
;__Lib_MathDouble.c,181 :: 		
0x0039	0x0870      	MOVF       R0, 0
;__Lib_MathDouble.c,182 :: 		
0x003A	0x00F1      	MOVWF      R1
;__Lib_MathDouble.c,183 :: 		
0x003B	0x01F0      	CLRF       R0
;__Lib_MathDouble.c,184 :: 		
0x003C	0x15A0      	BSF        __math_tempbD, 3
;__Lib_MathDouble.c,186 :: 		
0x003D	0x0872      	MOVF       R2, 0
;__Lib_MathDouble.c,187 :: 		
0x003E	0x1D03      	BTFSS      STATUS, 2
;__Lib_MathDouble.c,188 :: 		
0x003F	0x2848      	GOTO       NORM3232
;__Lib_MathDouble.c,189 :: 		
0x0040	0x0871      	MOVF       R1, 0
;__Lib_MathDouble.c,190 :: 		
0x0041	0x00F2      	MOVWF      R2
;__Lib_MathDouble.c,191 :: 		
0x0042	0x01F1      	CLRF       R1
;__Lib_MathDouble.c,192 :: 		
0x0043	0x11A0      	BCF        __math_tempbD, 3
;__Lib_MathDouble.c,193 :: 		
0x0044	0x1620      	BSF        __math_tempbD, 4
;__Lib_MathDouble.c,195 :: 		
0x0045	0x0872      	MOVF       R2, 0
;__Lib_MathDouble.c,196 :: 		
0x0046	0x1903      	BTFSC      STATUS, 2
;__Lib_MathDouble.c,197 :: 		
0x0047	0x2856      	GOTO       JPNRES032
;__Lib_MathDouble.c,198 :: 		
NORM3232:
;__Lib_MathDouble.c,199 :: 		
0x0048	0x0820      	MOVF       __math_tempbD, 0
;__Lib_MathDouble.c,200 :: 		
0x0049	0x02F3      	SUBWF      R3, 1
;__Lib_MathDouble.c,201 :: 		
0x004A	0x1D03      	BTFSS      STATUS, 2
;__Lib_MathDouble.c,202 :: 		
0x004B	0x1C03      	BTFSS      STATUS, 0
;__Lib_MathDouble.c,203 :: 		
0x004C	0x285A      	GOTO       JPNSETFUN32
;__Lib_MathDouble.c,204 :: 		
0x004D	0x1003      	BCF        STATUS, 0
;__Lib_MathDouble.c,205 :: 		
NORM3232A:
;__Lib_MathDouble.c,206 :: 		
0x004E	0x1BF2      	BTFSC      R2, 7
;__Lib_MathDouble.c,207 :: 		
0x004F	0x285E      	GOTO       JMPNFIXSIGN32
;__Lib_MathDouble.c,208 :: 		
0x0050	0x0DF0      	RLF        R0, 1
;__Lib_MathDouble.c,209 :: 		
0x0051	0x0DF1      	RLF        R1, 1
;__Lib_MathDouble.c,210 :: 		
0x0052	0x0DF2      	RLF        R2, 1
;__Lib_MathDouble.c,211 :: 		
0x0053	0x0BF3      	DECFSZ     R3, 1
;__Lib_MathDouble.c,212 :: 		
0x0054	0x284E      	GOTO       NORM3232A
;__Lib_MathDouble.c,213 :: 		
0x0055	0x285A      	GOTO       JPNSETFUN32
;__Lib_MathDouble.c,214 :: 		
JPNRES032:
;__Lib_MathDouble.c,215 :: 		
0x0056	0x3001      	MOVLW      1
;__Lib_MathDouble.c,216 :: 		
0x0057	0x00FC      	MOVWF      R12
;__Lib_MathDouble.c,218 :: 		
0x0058	0x2020      	CALL       _RES032
;__Lib_MathDouble.c,220 :: 		
0x0059	0x2861      	GOTO       NORM32EEE
;__Lib_MathDouble.c,221 :: 		
JPNSETFUN32:
;__Lib_MathDouble.c,222 :: 		
0x005A	0x3002      	MOVLW      2
;__Lib_MathDouble.c,223 :: 		
0x005B	0x00FC      	MOVWF      R12
;__Lib_MathDouble.c,225 :: 		
0x005C	0x2027      	CALL       _SETFUN32
;__Lib_MathDouble.c,227 :: 		
0x005D	0x2861      	GOTO       NORM32EEE
;__Lib_MathDouble.c,228 :: 		
JMPNFIXSIGN32:
;__Lib_MathDouble.c,229 :: 		
0x005E	0x3004      	MOVLW      4
;__Lib_MathDouble.c,230 :: 		
0x005F	0x00FC      	MOVWF      R12
;__Lib_MathDouble.c,232 :: 		
0x0060	0x201C      	CALL       _FIXSIGN32
;__Lib_MathDouble.c,234 :: 		
NORM32EEE:
;__Lib_MathDouble.c,236 :: 		
L_end_NRM3232:
0x0061	0x0008      	RETURN
; end of _NRM3232
_Compare_Double:
;__Lib_MathDouble.c,2053 :: 		
;__Lib_MathDouble.c,2062 :: 		
;__Lib_MathDouble.c,2064 :: 		
0x0062	0x1283      	BCF        STATUS, 5
;__Lib_MathDouble.c,2065 :: 		
0x0063	0x1303      	BCF        STATUS, 6
;__Lib_MathDouble.c,2067 :: 		
0x0064	0x01FA      	CLRF       R10
;__Lib_MathDouble.c,2068 :: 		
0x0065	0x0873      	MOVF       R3, 0
;__Lib_MathDouble.c,2069 :: 		
0x0066	0x1D03      	BTFSS      STATUS, 2
;__Lib_MathDouble.c,2070 :: 		
0x0067	0x147A      	BSF        R10, 0
;__Lib_MathDouble.c,2071 :: 		
0x0068	0x0877      	MOVF       R7, 0
;__Lib_MathDouble.c,2072 :: 		
0x0069	0x1D03      	BTFSS      STATUS, 2
;__Lib_MathDouble.c,2073 :: 		
0x006A	0x14FA      	BSF        R10, 1
;__Lib_MathDouble.c,2075 :: 		
0x006B	0x087A      	MOVF       R10, 0
;__Lib_MathDouble.c,2076 :: 		
0x006C	0x1903      	BTFSC      STATUS, 2
;__Lib_MathDouble.c,2077 :: 		
0x006D	0x28AE      	GOTO       COMPARE_EQU
;__Lib_MathDouble.c,2078 :: 		
0x006E	0x3A03      	XORLW      3
;__Lib_MathDouble.c,2079 :: 		
0x006F	0x1903      	BTFSC      STATUS, 2
;__Lib_MathDouble.c,2080 :: 		
0x0070	0x2879      	GOTO       COMPARE_NOTZERO
;__Lib_MathDouble.c,2082 :: 		
0x0071	0x187A      	BTFSC      R10, 0
;__Lib_MathDouble.c,2083 :: 		
0x0072	0x2876      	GOTO       COMPARE_XNOTZERO
;__Lib_MathDouble.c,2085 :: 		
0x0073	0x1FF6      	BTFSS      R6, 7
;__Lib_MathDouble.c,2086 :: 		
0x0074	0x28AC      	GOTO       COMPARE_LT
;__Lib_MathDouble.c,2087 :: 		
0x0075	0x28AA      	GOTO       COMPARE_GT
;__Lib_MathDouble.c,2088 :: 		
COMPARE_XNOTZERO:
;__Lib_MathDouble.c,2089 :: 		
0x0076	0x1FF2      	BTFSS      R2, 7
;__Lib_MathDouble.c,2090 :: 		
0x0077	0x28AA      	GOTO       COMPARE_GT
;__Lib_MathDouble.c,2091 :: 		
0x0078	0x28AC      	GOTO       COMPARE_LT
;__Lib_MathDouble.c,2093 :: 		
COMPARE_NOTZERO:
;__Lib_MathDouble.c,2094 :: 		
0x0079	0x0872      	MOVF       R2, 0
;__Lib_MathDouble.c,2095 :: 		
0x007A	0x3980      	ANDLW      128
;__Lib_MathDouble.c,2096 :: 		
0x007B	0x00FA      	MOVWF      R10
;__Lib_MathDouble.c,2097 :: 		
0x007C	0x13F2      	BCF        R2, 7
;__Lib_MathDouble.c,2099 :: 		
0x007D	0x0876      	MOVF       R6, 0
;__Lib_MathDouble.c,2100 :: 		
0x007E	0x3980      	ANDLW      128
;__Lib_MathDouble.c,2101 :: 		
0x007F	0x13F6      	BCF        R6, 7
;__Lib_MathDouble.c,2103 :: 		
0x0080	0x067A      	XORWF      R10, 0
;__Lib_MathDouble.c,2104 :: 		
0x0081	0x1903      	BTFSC      STATUS, 2
;__Lib_MathDouble.c,2105 :: 		
0x0082	0x2887      	GOTO       COMPARE_TESTALL
;__Lib_MathDouble.c,2107 :: 		
0x0083	0x087A      	MOVF       R10, 0
;__Lib_MathDouble.c,2108 :: 		
0x0084	0x1903      	BTFSC      STATUS, 2
;__Lib_MathDouble.c,2109 :: 		
0x0085	0x28AA      	GOTO       COMPARE_GT
;__Lib_MathDouble.c,2110 :: 		
0x0086	0x28AC      	GOTO       COMPARE_LT
;__Lib_MathDouble.c,2112 :: 		
COMPARE_TESTALL:
;__Lib_MathDouble.c,2113 :: 		
0x0087	0x0877      	MOVF       R7, 0
;__Lib_MathDouble.c,2114 :: 		
0x0088	0x0273      	SUBWF      R3, 0
;__Lib_MathDouble.c,2115 :: 		
0x0089	0x1903      	BTFSC      STATUS, 2
;__Lib_MathDouble.c,2116 :: 		
0x008A	0x288E      	GOTO       COMPARE_C1
;__Lib_MathDouble.c,2117 :: 		
0x008B	0x1C03      	BTFSS      STATUS, 0
;__Lib_MathDouble.c,2118 :: 		
0x008C	0x28A2      	GOTO       GT_FALSE
;__Lib_MathDouble.c,2119 :: 		
0x008D	0x28A6      	GOTO       GT_TRUE
;__Lib_MathDouble.c,2120 :: 		
COMPARE_C1:
;__Lib_MathDouble.c,2121 :: 		
0x008E	0x0876      	MOVF       R6, 0
;__Lib_MathDouble.c,2122 :: 		
0x008F	0x0272      	SUBWF      R2, 0
;__Lib_MathDouble.c,2123 :: 		
0x0090	0x1903      	BTFSC      STATUS, 2
;__Lib_MathDouble.c,2124 :: 		
0x0091	0x2895      	GOTO       COMPARE_C2
;__Lib_MathDouble.c,2125 :: 		
0x0092	0x1C03      	BTFSS      STATUS, 0
;__Lib_MathDouble.c,2126 :: 		
0x0093	0x28A2      	GOTO       GT_FALSE
;__Lib_MathDouble.c,2127 :: 		
0x0094	0x28A6      	GOTO       GT_TRUE
;__Lib_MathDouble.c,2128 :: 		
COMPARE_C2:
;__Lib_MathDouble.c,2129 :: 		
0x0095	0x0875      	MOVF       R5, 0
;__Lib_MathDouble.c,2130 :: 		
0x0096	0x0271      	SUBWF      R1, 0
;__Lib_MathDouble.c,2131 :: 		
0x0097	0x1903      	BTFSC      STATUS, 2
;__Lib_MathDouble.c,2132 :: 		
0x0098	0x289C      	GOTO       COMPARE_C3
;__Lib_MathDouble.c,2133 :: 		
0x0099	0x1C03      	BTFSS      STATUS, 0
;__Lib_MathDouble.c,2134 :: 		
0x009A	0x28A2      	GOTO       GT_FALSE
;__Lib_MathDouble.c,2135 :: 		
0x009B	0x28A6      	GOTO       GT_TRUE
;__Lib_MathDouble.c,2136 :: 		
COMPARE_C3:
;__Lib_MathDouble.c,2137 :: 		
0x009C	0x0874      	MOVF       R4, 0
;__Lib_MathDouble.c,2138 :: 		
0x009D	0x0270      	SUBWF      R0, 0
;__Lib_MathDouble.c,2139 :: 		
0x009E	0x1903      	BTFSC      STATUS, 2
;__Lib_MathDouble.c,2140 :: 		
0x009F	0x28AE      	GOTO       COMPARE_EQU
;__Lib_MathDouble.c,2141 :: 		
0x00A0	0x1803      	BTFSC      STATUS, 0
;__Lib_MathDouble.c,2142 :: 		
0x00A1	0x28A6      	GOTO       GT_TRUE
;__Lib_MathDouble.c,2144 :: 		
GT_FALSE:
;__Lib_MathDouble.c,2145 :: 		
0x00A2	0x08FA      	MOVF       R10, 1
;__Lib_MathDouble.c,2146 :: 		
0x00A3	0x1903      	BTFSC      STATUS, 2
;__Lib_MathDouble.c,2147 :: 		
0x00A4	0x28AC      	GOTO       COMPARE_LT
;__Lib_MathDouble.c,2148 :: 		
0x00A5	0x28AA      	GOTO       COMPARE_GT
;__Lib_MathDouble.c,2149 :: 		
GT_TRUE:
;__Lib_MathDouble.c,2150 :: 		
0x00A6	0x08FA      	MOVF       R10, 1
;__Lib_MathDouble.c,2151 :: 		
0x00A7	0x1903      	BTFSC      STATUS, 2
;__Lib_MathDouble.c,2152 :: 		
0x00A8	0x28AA      	GOTO       COMPARE_GT
;__Lib_MathDouble.c,2153 :: 		
0x00A9	0x28AC      	GOTO       COMPARE_LT
;__Lib_MathDouble.c,2155 :: 		
COMPARE_GT:
;__Lib_MathDouble.c,2158 :: 		
0x00AA	0x1403      	BSF        STATUS, 0
;__Lib_MathDouble.c,2159 :: 		
0x00AB	0x0008      	RETURN
;__Lib_MathDouble.c,2160 :: 		
COMPARE_LT:
;__Lib_MathDouble.c,2163 :: 		
0x00AC	0x1003      	BCF        STATUS, 0
;__Lib_MathDouble.c,2164 :: 		
0x00AD	0x0008      	RETURN
;__Lib_MathDouble.c,2165 :: 		
COMPARE_EQU:
;__Lib_MathDouble.c,2168 :: 		
0x00AE	0x1403      	BSF        STATUS, 0
;__Lib_MathDouble.c,2169 :: 		
0x00AF	0x1503      	BSF        STATUS, 2
;__Lib_MathDouble.c,2170 :: 		
0x00B0	0x0008      	RETURN
;__Lib_MathDouble.c,2172 :: 		
L_end_Compare_Double:
0x00B1	0x0008      	RETURN
; end of _Compare_Double
_word2double:
;__Lib_MathDouble.c,1862 :: 		
;__Lib_MathDouble.c,1868 :: 		
0x00B2	0x1283      	BCF        STATUS, 5
;__Lib_MathDouble.c,1869 :: 		
0x00B3	0x1303      	BCF        STATUS, 6
;__Lib_MathDouble.c,1870 :: 		
0x00B4	0x0870      	MOVF       R0, 0
;__Lib_MathDouble.c,1871 :: 		
0x00B5	0x00F8      	MOVWF      R8
;__Lib_MathDouble.c,1872 :: 		
0x00B6	0x0871      	MOVF       R1, 0
;__Lib_MathDouble.c,1873 :: 		
0x00B7	0x00F0      	MOVWF      R0
;__Lib_MathDouble.c,1874 :: 		
0x00B8	0x01F1      	CLRF       R1
;__Lib_MathDouble.c,1875 :: 		
0x00B9	0x01F2      	CLRF       R2
;__Lib_MathDouble.c,1876 :: 		
0x00BA	0x01F3      	CLRF       R3
;__Lib_MathDouble.c,1879 :: 		
0x00BB	0x01FB      	CLRF       R11
;__Lib_MathDouble.c,1880 :: 		
0x00BC	0x01FC      	CLRF       R12
;__Lib_MathDouble.c,1882 :: 		
0x00BD	0x3096      	MOVLW      150
;__Lib_MathDouble.c,1883 :: 		
0x00BE	0x00F3      	MOVWF      R3
;__Lib_MathDouble.c,1884 :: 		
0x00BF	0x01FA      	CLRF       R10
;__Lib_MathDouble.c,1886 :: 		
0x00C0	0x0870      	MOVF       R0, 0
;__Lib_MathDouble.c,1887 :: 		
0x00C1	0x00F1      	MOVWF      R1
;__Lib_MathDouble.c,1888 :: 		
0x00C2	0x0878      	MOVF       R8, 0
;__Lib_MathDouble.c,1889 :: 		
0x00C3	0x00F0      	MOVWF      R0
;__Lib_MathDouble.c,1890 :: 		
0x00C4	0x01F8      	CLRF       R8
;__Lib_MathDouble.c,1891 :: 		
0x00C5	0x01F2      	CLRF       R2
;__Lib_MathDouble.c,1893 :: 		
0x00C6	0x2033      	CALL       _NRM3232
;__Lib_MathDouble.c,1894 :: 		
L_end_word2double:
0x00C7	0x0008      	RETURN
; end of _word2double
_____DoICP:
;__Lib_System.c,6 :: 		
;__Lib_System.c,9 :: 		
0x00C8	0x1283      	BCF        STATUS, 5
0x00C9	0x1303      	BCF        STATUS, 6
0x00CA	0x0843      	MOVF       ___DoICPAddr+1, 0
0x00CB	0x008A      	MOVWF      PCLATH
;__Lib_System.c,10 :: 		
0x00CC	0x0842      	MOVF       ___DoICPAddr, 0
0x00CD	0x0082      	MOVWF      PCL
;__Lib_System.c,12 :: 		
L_end_____DoICP:
0x00CE	0x0008      	RETURN
; end of _____DoICP
_Delay500Us:
;MyProject.c,55 :: 		void Delay500Us()
;MyProject.c,57 :: 		for(i = 0; i < (8000000 * 0.5 / 1000000); i++);
0x00CF	0x1283      	BCF        STATUS, 5
0x00D0	0x1303      	BCF        STATUS, 6
0x00D1	0x01C4      	CLRF       _i
0x00D2	0x01C5      	CLRF       _i+1
L_Delay500Us1:
0x00D3	0x0844      	MOVF       _i, 0
0x00D4	0x00F0      	MOVWF      R0
0x00D5	0x0845      	MOVF       _i+1, 0
0x00D6	0x00F1      	MOVWF      R0+1
0x00D7	0x20B2      	CALL       _word2double
0x00D8	0x3000      	MOVLW      0
0x00D9	0x00F4      	MOVWF      R4
0x00DA	0x3000      	MOVLW      0
0x00DB	0x00F5      	MOVWF      R4+1
0x00DC	0x3000      	MOVLW      0
0x00DD	0x00F6      	MOVWF      R4+2
0x00DE	0x3081      	MOVLW      129
0x00DF	0x00F7      	MOVWF      R4+3
0x00E0	0x2062      	CALL       _Compare_Double
0x00E1	0x3001      	MOVLW      1
0x00E2	0x1803      	BTFSC      STATUS, 0
0x00E3	0x3000      	MOVLW      0
0x00E4	0x00F0      	MOVWF      R0
0x00E5	0x0870      	MOVF       R0, 0
0x00E6	0x1903      	BTFSC      STATUS, 2
0x00E7	0x28EC      	GOTO       L_Delay500Us2
0x00E8	0x0AC4      	INCF       _i, 1
0x00E9	0x1903      	BTFSC      STATUS, 2
0x00EA	0x0AC5      	INCF       _i+1, 1
0x00EB	0x28D3      	GOTO       L_Delay500Us1
L_Delay500Us2:
;MyProject.c,58 :: 		}
L_end_Delay500Us:
0x00EC	0x0008      	RETURN
; end of _Delay500Us
_MoveXoneStep:
;MyProject.c,60 :: 		void MoveXoneStep(unsigned int dir)
;MyProject.c,64 :: 		if (dir == 1)
0x00ED	0x3000      	MOVLW      0
0x00EE	0x1283      	BCF        STATUS, 5
0x00EF	0x1303      	BCF        STATUS, 6
0x00F0	0x064A      	XORWF      FARG_MoveXoneStep_dir+1, 0
0x00F1	0x1D03      	BTFSS      STATUS, 2
0x00F2	0x28F5      	GOTO       L__MoveXoneStep53
0x00F3	0x3001      	MOVLW      1
0x00F4	0x0649      	XORWF      FARG_MoveXoneStep_dir, 0
L__MoveXoneStep53:
0x00F5	0x1D03      	BTFSS      STATUS, 2
0x00F6	0x28F9      	GOTO       L_MoveXoneStep4
;MyProject.c,65 :: 		PORTD = PORTD | 0x02;
0x00F7	0x1488      	BSF        PORTD, 1
0x00F8	0x28FB      	GOTO       L_MoveXoneStep5
L_MoveXoneStep4:
;MyProject.c,69 :: 		PORTD = PORTD & 0xFD;
0x00F9	0x30FD      	MOVLW      253
0x00FA	0x0588      	ANDWF      PORTD, 1
L_MoveXoneStep5:
;MyProject.c,73 :: 		PORTD= PORTD & 0xFE;
0x00FB	0x30FE      	MOVLW      254
0x00FC	0x0588      	ANDWF      PORTD, 1
;MyProject.c,74 :: 		Delay500Us();
0x00FD	0x20CF      	CALL       _Delay500Us
;MyProject.c,75 :: 		PORTD= PORTD & 0xFE;
0x00FE	0x30FE      	MOVLW      254
0x00FF	0x0588      	ANDWF      PORTD, 1
;MyProject.c,76 :: 		Delay500Us();
0x0100	0x20CF      	CALL       _Delay500Us
;MyProject.c,77 :: 		PORTD= PORTD | 0x01;
0x0101	0x1408      	BSF        PORTD, 0
;MyProject.c,78 :: 		Delay500Us();
0x0102	0x20CF      	CALL       _Delay500Us
;MyProject.c,80 :: 		}
L_end_MoveXoneStep:
0x0103	0x0008      	RETURN
; end of _MoveXoneStep
_UART1_Read:
;__Lib_UART_c67.c,21 :: 		
;__Lib_UART_c67.c,24 :: 		
0x0104	0x1283      	BCF        STATUS, 5
0x0105	0x1303      	BCF        STATUS, 6
0x0106	0x081A      	MOVF       RCREG, 0
0x0107	0x00F1      	MOVWF      R1
;__Lib_UART_c67.c,25 :: 		
0x0108	0x1C98      	BTFSS      RCSTA, 1
0x0109	0x290C      	GOTO       L_UART1_Read2
;__Lib_UART_c67.c,26 :: 		
0x010A	0x1218      	BCF        RCSTA, 4
;__Lib_UART_c67.c,27 :: 		
0x010B	0x1618      	BSF        RCSTA, 4
;__Lib_UART_c67.c,28 :: 		
L_UART1_Read2:
;__Lib_UART_c67.c,29 :: 		
0x010C	0x0871      	MOVF       R1, 0
0x010D	0x00F0      	MOVWF      R0
;__Lib_UART_c67.c,30 :: 		
L_end_UART1_Read:
0x010E	0x0008      	RETURN
; end of _UART1_Read
_UART1_Data_Ready:
;__Lib_UART_c67.c,16 :: 		
;__Lib_UART_c67.c,17 :: 		
0x010F	0x3000      	MOVLW      0
0x0110	0x1283      	BCF        STATUS, 5
0x0111	0x1303      	BCF        STATUS, 6
0x0112	0x1A8C      	BTFSC      PIR1, 5
0x0113	0x3001      	MOVLW      1
0x0114	0x00F0      	MOVWF      R0
;__Lib_UART_c67.c,18 :: 		
L_end_UART1_Data_Ready:
0x0115	0x0008      	RETURN
; end of _UART1_Data_Ready
_UART1_Init:
;__Lib_UART_c67.c,2 :: 		
;__Lib_UART_c67.c,5 :: 		
0x0116	0x1683      	BSF        STATUS, 5
0x0117	0x1303      	BCF        STATUS, 6
0x0118	0x1698      	BSF        TXSTA, 5
;__Lib_UART_c67.c,6 :: 		
0x0119	0x3090      	MOVLW      144
0x011A	0x1283      	BCF        STATUS, 5
0x011B	0x0098      	MOVWF      RCSTA
;__Lib_UART_c67.c,7 :: 		
0x011C	0x1683      	BSF        STATUS, 5
0x011D	0x1787      	BSF        TRISC7_bit, BitPos(TRISC7_bit+0)
;__Lib_UART_c67.c,8 :: 		
0x011E	0x1307      	BCF        TRISC6_bit, BitPos(TRISC6_bit+0)
;__Lib_UART_c67.c,10 :: 		
L_UART1_Init0:
0x011F	0x1283      	BCF        STATUS, 5
0x0120	0x1E8C      	BTFSS      PIR1, 5
0x0121	0x2925      	GOTO       L_UART1_Init1
;__Lib_UART_c67.c,11 :: 		
0x0122	0x081A      	MOVF       RCREG, 0
0x0123	0x00F0      	MOVWF      R0
0x0124	0x291F      	GOTO       L_UART1_Init0
L_UART1_Init1:
;__Lib_UART_c67.c,12 :: 		
L_end_UART1_Init:
0x0125	0x0008      	RETURN
; end of _UART1_Init
_MoveYoneStep:
;MyProject.c,82 :: 		void MoveYoneStep(unsigned int dir)
;MyProject.c,86 :: 		if (dir == 1)
0x0126	0x3000      	MOVLW      0
0x0127	0x1283      	BCF        STATUS, 5
0x0128	0x1303      	BCF        STATUS, 6
0x0129	0x064A      	XORWF      FARG_MoveYoneStep_dir+1, 0
0x012A	0x1D03      	BTFSS      STATUS, 2
0x012B	0x292E      	GOTO       L__MoveYoneStep55
0x012C	0x3001      	MOVLW      1
0x012D	0x0649      	XORWF      FARG_MoveYoneStep_dir, 0
L__MoveYoneStep55:
0x012E	0x1D03      	BTFSS      STATUS, 2
0x012F	0x2932      	GOTO       L_MoveYoneStep6
;MyProject.c,87 :: 		PORTB = PORTB | 0x02;
0x0130	0x1486      	BSF        PORTB, 1
0x0131	0x2934      	GOTO       L_MoveYoneStep7
L_MoveYoneStep6:
;MyProject.c,91 :: 		PORTB = PORTB & 0xFD;
0x0132	0x30FD      	MOVLW      253
0x0133	0x0586      	ANDWF      PORTB, 1
L_MoveYoneStep7:
;MyProject.c,94 :: 		PORTB= PORTB & 0xFB;
0x0134	0x30FB      	MOVLW      251
0x0135	0x0586      	ANDWF      PORTB, 1
;MyProject.c,95 :: 		Delay500Us();
0x0136	0x20CF      	CALL       _Delay500Us
;MyProject.c,96 :: 		PORTB= PORTB & 0xFB;
0x0137	0x30FB      	MOVLW      251
0x0138	0x0586      	ANDWF      PORTB, 1
;MyProject.c,97 :: 		Delay500Us();
0x0139	0x20CF      	CALL       _Delay500Us
;MyProject.c,98 :: 		PORTB= PORTB | 0x04;
0x013A	0x1506      	BSF        PORTB, 2
;MyProject.c,99 :: 		Delay500Us();
0x013B	0x20CF      	CALL       _Delay500Us
;MyProject.c,101 :: 		}
L_end_MoveYoneStep:
0x013C	0x0008      	RETURN
; end of _MoveYoneStep
___CC2DW:
;__Lib_System.c,134 :: 		
;__Lib_System.c,137 :: 		
_CC2D_Loop1:
;__Lib_System.c,139 :: 		
0x013D	0x20C8      	CALL       _____DoICP
0x013E	0x118A      	BCF        PCLATH, 3
0x013F	0x120A      	BCF        PCLATH, 4
;__Lib_System.c,141 :: 		
0x0140	0x0080      	MOVWF      INDF
;__Lib_System.c,142 :: 		
0x0141	0x0A84      	INCF       FSR, 1
;__Lib_System.c,143 :: 		
0x0142	0x0AC2      	INCF       ___DoICPAddr, 1
;__Lib_System.c,145 :: 		
0x0143	0x1903      	BTFSC      STATUS, 2
;__Lib_System.c,146 :: 		
0x0144	0x0AC3      	INCF       ___DoICPAddr+1, 1
;__Lib_System.c,147 :: 		
0x0145	0x03F0      	DECF       R0, 1
;__Lib_System.c,149 :: 		
0x0146	0x1D03      	BTFSS      STATUS, 2
;__Lib_System.c,150 :: 		
0x0147	0x293D      	GOTO       _CC2D_Loop1
;__Lib_System.c,152 :: 		
L_end___CC2DW:
0x0148	0x0008      	RETURN
; end of ___CC2DW
_main:
0x0149	0x30B8      	MOVLW      184
0x014A	0x1283      	BCF        STATUS, 5
0x014B	0x1303      	BCF        STATUS, 6
0x014C	0x00A2      	MOVWF      _count3
0x014D	0x300B      	MOVLW      11
0x014E	0x00A3      	MOVWF      35
0x014F	0x30A0      	MOVLW      160
0x0150	0x00A4      	MOVWF      _count2
0x0151	0x300F      	MOVLW      15
0x0152	0x00A5      	MOVWF      37
0x0153	0x30A0      	MOVLW      160
0x0154	0x00A6      	MOVWF      _count4
0x0155	0x300F      	MOVLW      15
0x0156	0x00A7      	MOVWF      39
0x0157	0x30F4      	MOVLW      244
0x0158	0x00A8      	MOVWF      _move2
0x0159	0x3001      	MOVLW      1
0x015A	0x00A9      	MOVWF      41
0x015B	0x30F4      	MOVLW      244
0x015C	0x00AA      	MOVWF      _move1
0x015D	0x3001      	MOVLW      1
0x015E	0x00AB      	MOVWF      43
0x015F	0x30B8      	MOVLW      184
0x0160	0x00AC      	MOVWF      _count1
0x0161	0x300B      	MOVLW      11
0x0162	0x00AD      	MOVWF      45
0x0163	0x30E8      	MOVLW      232
0x0164	0x00AE      	MOVWF      _count111
0x0165	0x3003      	MOVLW      3
0x0166	0x00AF      	MOVWF      47
0x0167	0x30F4      	MOVLW      244
0x0168	0x00B0      	MOVWF      _move4
0x0169	0x3001      	MOVLW      1
0x016A	0x00B1      	MOVWF      49
0x016B	0x30D0      	MOVLW      208
0x016C	0x00B2      	MOVWF      _count222
0x016D	0x3007      	MOVLW      7
0x016E	0x00B3      	MOVWF      51
0x016F	0x30D0      	MOVLW      208
0x0170	0x00B4      	MOVWF      _count444
0x0171	0x3007      	MOVLW      7
0x0172	0x00B5      	MOVWF      53
0x0173	0x30E8      	MOVLW      232
0x0174	0x00B6      	MOVWF      _count333
0x0175	0x3003      	MOVLW      3
0x0176	0x00B7      	MOVWF      55
0x0177	0x30B8      	MOVLW      184
0x0178	0x00B8      	MOVWF      _count22
0x0179	0x300B      	MOVLW      11
0x017A	0x00B9      	MOVWF      57
0x017B	0x30D0      	MOVLW      208
0x017C	0x00BA      	MOVWF      _count11
0x017D	0x3007      	MOVLW      7
0x017E	0x00BB      	MOVWF      59
0x017F	0x30D0      	MOVLW      208
0x0180	0x00BC      	MOVWF      _count33
0x0181	0x3007      	MOVLW      7
0x0182	0x00BD      	MOVWF      61
0x0183	0x30F4      	MOVLW      244
0x0184	0x00BE      	MOVWF      _move3
0x0185	0x3001      	MOVLW      1
0x0186	0x00BF      	MOVWF      63
0x0187	0x30B8      	MOVLW      184
0x0188	0x00C0      	MOVWF      _count44
0x0189	0x300B      	MOVLW      11
0x018A	0x00C1      	MOVWF      65
;MyProject.c,127 :: 		void main()
;MyProject.c,130 :: 		TRISD = 0b00001100;//setting all pins as output except for pin2,pin3 for the limit switches.
0x018B	0x300C      	MOVLW      12
0x018C	0x1683      	BSF        STATUS, 5
0x018D	0x0088      	MOVWF      TRISD
;MyProject.c,131 :: 		TRISB = 0b00000001;//setting all pins as output except for pin0 for external interrupt.
0x018E	0x3001      	MOVLW      1
0x018F	0x0086      	MOVWF      TRISB
;MyProject.c,132 :: 		INTCON=0x90;
0x0190	0x3090      	MOVLW      144
0x0191	0x008B      	MOVWF      INTCON
;MyProject.c,137 :: 		UART1_Init(9600);
0x0192	0x3033      	MOVLW      51
0x0193	0x0099      	MOVWF      SPBRG
0x0194	0x1518      	BSF        TXSTA, 2
0x0195	0x2116      	CALL       _UART1_Init
;MyProject.c,139 :: 		while(1)
L_main12:
;MyProject.c,141 :: 		if(UART1_Data_Ready())
0x0196	0x210F      	CALL       _UART1_Data_Ready
0x0197	0x0870      	MOVF       R0, 0
0x0198	0x1903      	BTFSC      STATUS, 2
0x0199	0x2AAD      	GOTO       L_main14
;MyProject.c,143 :: 		rcv = UART1_Read(); //Read the char. received via BT
0x019A	0x2104      	CALL       _UART1_Read
0x019B	0x0870      	MOVF       R0, 0
0x019C	0x00C6      	MOVWF      _rcv
;MyProject.c,144 :: 		if (rcv == 'S')
0x019D	0x0870      	MOVF       R0, 0
0x019E	0x3A53      	XORLW      83
0x019F	0x1D03      	BTFSS      STATUS, 2
0x01A0	0x2AAD      	GOTO       L_main15
;MyProject.c,146 :: 		while(count1!=0)
L_main16:
0x01A1	0x3000      	MOVLW      0
0x01A2	0x062D      	XORWF      _count1+1, 0
0x01A3	0x1D03      	BTFSS      STATUS, 2
0x01A4	0x29A7      	GOTO       L__main59
0x01A5	0x3000      	MOVLW      0
0x01A6	0x062C      	XORWF      _count1, 0
L__main59:
0x01A7	0x1903      	BTFSC      STATUS, 2
0x01A8	0x29B1      	GOTO       L_main17
;MyProject.c,148 :: 		MoveXoneStep(0);
0x01A9	0x01C9      	CLRF       FARG_MoveXoneStep_dir
0x01AA	0x01CA      	CLRF       FARG_MoveXoneStep_dir+1
0x01AB	0x20ED      	CALL       _MoveXoneStep
;MyProject.c,149 :: 		count1--;
0x01AC	0x3001      	MOVLW      1
0x01AD	0x02AC      	SUBWF      _count1, 1
0x01AE	0x1C03      	BTFSS      STATUS, 0
0x01AF	0x03AD      	DECF       _count1+1, 1
;MyProject.c,151 :: 		}
0x01B0	0x29A1      	GOTO       L_main16
L_main17:
;MyProject.c,154 :: 		while(count2!=0)
L_main18:
0x01B1	0x3000      	MOVLW      0
0x01B2	0x0625      	XORWF      _count2+1, 0
0x01B3	0x1D03      	BTFSS      STATUS, 2
0x01B4	0x29B7      	GOTO       L__main60
0x01B5	0x3000      	MOVLW      0
0x01B6	0x0624      	XORWF      _count2, 0
L__main60:
0x01B7	0x1903      	BTFSC      STATUS, 2
0x01B8	0x29C1      	GOTO       L_main19
;MyProject.c,156 :: 		MoveYoneStep(0);
0x01B9	0x01C9      	CLRF       FARG_MoveYoneStep_dir
0x01BA	0x01CA      	CLRF       FARG_MoveYoneStep_dir+1
0x01BB	0x2126      	CALL       _MoveYoneStep
;MyProject.c,157 :: 		count2--;
0x01BC	0x3001      	MOVLW      1
0x01BD	0x02A4      	SUBWF      _count2, 1
0x01BE	0x1C03      	BTFSS      STATUS, 0
0x01BF	0x03A5      	DECF       _count2+1, 1
;MyProject.c,159 :: 		}
0x01C0	0x29B1      	GOTO       L_main18
L_main19:
;MyProject.c,161 :: 		while(count3!=0)
L_main20:
0x01C1	0x3000      	MOVLW      0
0x01C2	0x0623      	XORWF      _count3+1, 0
0x01C3	0x1D03      	BTFSS      STATUS, 2
0x01C4	0x29C7      	GOTO       L__main61
0x01C5	0x3000      	MOVLW      0
0x01C6	0x0622      	XORWF      _count3, 0
L__main61:
0x01C7	0x1903      	BTFSC      STATUS, 2
0x01C8	0x29D3      	GOTO       L_main21
;MyProject.c,163 :: 		MoveXoneStep(1);
0x01C9	0x3001      	MOVLW      1
0x01CA	0x00C9      	MOVWF      FARG_MoveXoneStep_dir
0x01CB	0x3000      	MOVLW      0
0x01CC	0x00CA      	MOVWF      FARG_MoveXoneStep_dir+1
0x01CD	0x20ED      	CALL       _MoveXoneStep
;MyProject.c,164 :: 		count3--;
0x01CE	0x3001      	MOVLW      1
0x01CF	0x02A2      	SUBWF      _count3, 1
0x01D0	0x1C03      	BTFSS      STATUS, 0
0x01D1	0x03A3      	DECF       _count3+1, 1
;MyProject.c,165 :: 		}
0x01D2	0x29C1      	GOTO       L_main20
L_main21:
;MyProject.c,168 :: 		while(count4!=0)
L_main22:
0x01D3	0x3000      	MOVLW      0
0x01D4	0x0627      	XORWF      _count4+1, 0
0x01D5	0x1D03      	BTFSS      STATUS, 2
0x01D6	0x29D9      	GOTO       L__main62
0x01D7	0x3000      	MOVLW      0
0x01D8	0x0626      	XORWF      _count4, 0
L__main62:
0x01D9	0x1903      	BTFSC      STATUS, 2
0x01DA	0x29E5      	GOTO       L_main23
;MyProject.c,170 :: 		MoveYoneStep(1);
0x01DB	0x3001      	MOVLW      1
0x01DC	0x00C9      	MOVWF      FARG_MoveYoneStep_dir
0x01DD	0x3000      	MOVLW      0
0x01DE	0x00CA      	MOVWF      FARG_MoveYoneStep_dir+1
0x01DF	0x2126      	CALL       _MoveYoneStep
;MyProject.c,171 :: 		count4--;
0x01E0	0x3001      	MOVLW      1
0x01E1	0x02A6      	SUBWF      _count4, 1
0x01E2	0x1C03      	BTFSS      STATUS, 0
0x01E3	0x03A7      	DECF       _count4+1, 1
;MyProject.c,173 :: 		}
0x01E4	0x29D3      	GOTO       L_main22
L_main23:
;MyProject.c,175 :: 		while (move1!=0)
L_main24:
0x01E5	0x3000      	MOVLW      0
0x01E6	0x062B      	XORWF      _move1+1, 0
0x01E7	0x1D03      	BTFSS      STATUS, 2
0x01E8	0x29EB      	GOTO       L__main63
0x01E9	0x3000      	MOVLW      0
0x01EA	0x062A      	XORWF      _move1, 0
L__main63:
0x01EB	0x1903      	BTFSC      STATUS, 2
0x01EC	0x29F5      	GOTO       L_main25
;MyProject.c,177 :: 		MoveXoneStep(0);
0x01ED	0x01C9      	CLRF       FARG_MoveXoneStep_dir
0x01EE	0x01CA      	CLRF       FARG_MoveXoneStep_dir+1
0x01EF	0x20ED      	CALL       _MoveXoneStep
;MyProject.c,178 :: 		move1--;
0x01F0	0x3001      	MOVLW      1
0x01F1	0x02AA      	SUBWF      _move1, 1
0x01F2	0x1C03      	BTFSS      STATUS, 0
0x01F3	0x03AB      	DECF       _move1+1, 1
;MyProject.c,179 :: 		}
0x01F4	0x29E5      	GOTO       L_main24
L_main25:
;MyProject.c,181 :: 		while (move2!=0)
L_main26:
0x01F5	0x3000      	MOVLW      0
0x01F6	0x0629      	XORWF      _move2+1, 0
0x01F7	0x1D03      	BTFSS      STATUS, 2
0x01F8	0x29FB      	GOTO       L__main64
0x01F9	0x3000      	MOVLW      0
0x01FA	0x0628      	XORWF      _move2, 0
L__main64:
0x01FB	0x1903      	BTFSC      STATUS, 2
0x01FC	0x2A05      	GOTO       L_main27
;MyProject.c,183 :: 		MoveYoneStep(0);
0x01FD	0x01C9      	CLRF       FARG_MoveYoneStep_dir
0x01FE	0x01CA      	CLRF       FARG_MoveYoneStep_dir+1
0x01FF	0x2126      	CALL       _MoveYoneStep
;MyProject.c,184 :: 		move2--;
0x0200	0x3001      	MOVLW      1
0x0201	0x02A8      	SUBWF      _move2, 1
0x0202	0x1C03      	BTFSS      STATUS, 0
0x0203	0x03A9      	DECF       _move2+1, 1
;MyProject.c,185 :: 		}
0x0204	0x29F5      	GOTO       L_main26
L_main27:
;MyProject.c,188 :: 		while(count11!=0)
L_main28:
0x0205	0x3000      	MOVLW      0
0x0206	0x063B      	XORWF      _count11+1, 0
0x0207	0x1D03      	BTFSS      STATUS, 2
0x0208	0x2A0B      	GOTO       L__main65
0x0209	0x3000      	MOVLW      0
0x020A	0x063A      	XORWF      _count11, 0
L__main65:
0x020B	0x1903      	BTFSC      STATUS, 2
0x020C	0x2A15      	GOTO       L_main29
;MyProject.c,190 :: 		MoveXoneStep(0);
0x020D	0x01C9      	CLRF       FARG_MoveXoneStep_dir
0x020E	0x01CA      	CLRF       FARG_MoveXoneStep_dir+1
0x020F	0x20ED      	CALL       _MoveXoneStep
;MyProject.c,191 :: 		count11--;
0x0210	0x3001      	MOVLW      1
0x0211	0x02BA      	SUBWF      _count11, 1
0x0212	0x1C03      	BTFSS      STATUS, 0
0x0213	0x03BB      	DECF       _count11+1, 1
;MyProject.c,193 :: 		}
0x0214	0x2A05      	GOTO       L_main28
L_main29:
;MyProject.c,196 :: 		while(count22!=0)
L_main30:
0x0215	0x3000      	MOVLW      0
0x0216	0x0639      	XORWF      _count22+1, 0
0x0217	0x1D03      	BTFSS      STATUS, 2
0x0218	0x2A1B      	GOTO       L__main66
0x0219	0x3000      	MOVLW      0
0x021A	0x0638      	XORWF      _count22, 0
L__main66:
0x021B	0x1903      	BTFSC      STATUS, 2
0x021C	0x2A25      	GOTO       L_main31
;MyProject.c,198 :: 		MoveYoneStep(0);
0x021D	0x01C9      	CLRF       FARG_MoveYoneStep_dir
0x021E	0x01CA      	CLRF       FARG_MoveYoneStep_dir+1
0x021F	0x2126      	CALL       _MoveYoneStep
;MyProject.c,199 :: 		count22--;
0x0220	0x3001      	MOVLW      1
0x0221	0x02B8      	SUBWF      _count22, 1
0x0222	0x1C03      	BTFSS      STATUS, 0
0x0223	0x03B9      	DECF       _count22+1, 1
;MyProject.c,201 :: 		}
0x0224	0x2A15      	GOTO       L_main30
L_main31:
;MyProject.c,203 :: 		while(count33!=0)
L_main32:
0x0225	0x3000      	MOVLW      0
0x0226	0x063D      	XORWF      _count33+1, 0
0x0227	0x1D03      	BTFSS      STATUS, 2
0x0228	0x2A2B      	GOTO       L__main67
0x0229	0x3000      	MOVLW      0
0x022A	0x063C      	XORWF      _count33, 0
L__main67:
0x022B	0x1903      	BTFSC      STATUS, 2
0x022C	0x2A37      	GOTO       L_main33
;MyProject.c,205 :: 		MoveXoneStep(1);
0x022D	0x3001      	MOVLW      1
0x022E	0x00C9      	MOVWF      FARG_MoveXoneStep_dir
0x022F	0x3000      	MOVLW      0
0x0230	0x00CA      	MOVWF      FARG_MoveXoneStep_dir+1
0x0231	0x20ED      	CALL       _MoveXoneStep
;MyProject.c,206 :: 		count33--;
0x0232	0x3001      	MOVLW      1
0x0233	0x02BC      	SUBWF      _count33, 1
0x0234	0x1C03      	BTFSS      STATUS, 0
0x0235	0x03BD      	DECF       _count33+1, 1
;MyProject.c,207 :: 		}
0x0236	0x2A25      	GOTO       L_main32
L_main33:
;MyProject.c,210 :: 		while(count44!=0)
L_main34:
0x0237	0x3000      	MOVLW      0
0x0238	0x0641      	XORWF      _count44+1, 0
0x0239	0x1D03      	BTFSS      STATUS, 2
0x023A	0x2A3D      	GOTO       L__main68
0x023B	0x3000      	MOVLW      0
0x023C	0x0640      	XORWF      _count44, 0
L__main68:
0x023D	0x1903      	BTFSC      STATUS, 2
0x023E	0x2A49      	GOTO       L_main35
;MyProject.c,212 :: 		MoveYoneStep(1);
0x023F	0x3001      	MOVLW      1
0x0240	0x00C9      	MOVWF      FARG_MoveYoneStep_dir
0x0241	0x3000      	MOVLW      0
0x0242	0x00CA      	MOVWF      FARG_MoveYoneStep_dir+1
0x0243	0x2126      	CALL       _MoveYoneStep
;MyProject.c,213 :: 		count44--;
0x0244	0x3001      	MOVLW      1
0x0245	0x02C0      	SUBWF      _count44, 1
0x0246	0x1C03      	BTFSS      STATUS, 0
0x0247	0x03C1      	DECF       _count44+1, 1
;MyProject.c,215 :: 		}
0x0248	0x2A37      	GOTO       L_main34
L_main35:
;MyProject.c,217 :: 		while (move3!=0)
L_main36:
0x0249	0x3000      	MOVLW      0
0x024A	0x063F      	XORWF      _move3+1, 0
0x024B	0x1D03      	BTFSS      STATUS, 2
0x024C	0x2A4F      	GOTO       L__main69
0x024D	0x3000      	MOVLW      0
0x024E	0x063E      	XORWF      _move3, 0
L__main69:
0x024F	0x1903      	BTFSC      STATUS, 2
0x0250	0x2A59      	GOTO       L_main37
;MyProject.c,219 :: 		MoveXoneStep(0);
0x0251	0x01C9      	CLRF       FARG_MoveXoneStep_dir
0x0252	0x01CA      	CLRF       FARG_MoveXoneStep_dir+1
0x0253	0x20ED      	CALL       _MoveXoneStep
;MyProject.c,220 :: 		move3--;
0x0254	0x3001      	MOVLW      1
0x0255	0x02BE      	SUBWF      _move3, 1
0x0256	0x1C03      	BTFSS      STATUS, 0
0x0257	0x03BF      	DECF       _move3+1, 1
;MyProject.c,221 :: 		}
0x0258	0x2A49      	GOTO       L_main36
L_main37:
;MyProject.c,223 :: 		while (move4!=0)
L_main38:
0x0259	0x3000      	MOVLW      0
0x025A	0x0631      	XORWF      _move4+1, 0
0x025B	0x1D03      	BTFSS      STATUS, 2
0x025C	0x2A5F      	GOTO       L__main70
0x025D	0x3000      	MOVLW      0
0x025E	0x0630      	XORWF      _move4, 0
L__main70:
0x025F	0x1903      	BTFSC      STATUS, 2
0x0260	0x2A69      	GOTO       L_main39
;MyProject.c,225 :: 		MoveYoneStep(0);
0x0261	0x01C9      	CLRF       FARG_MoveYoneStep_dir
0x0262	0x01CA      	CLRF       FARG_MoveYoneStep_dir+1
0x0263	0x2126      	CALL       _MoveYoneStep
;MyProject.c,226 :: 		move4--;
0x0264	0x3001      	MOVLW      1
0x0265	0x02B0      	SUBWF      _move4, 1
0x0266	0x1C03      	BTFSS      STATUS, 0
0x0267	0x03B1      	DECF       _move4+1, 1
;MyProject.c,227 :: 		}
0x0268	0x2A59      	GOTO       L_main38
L_main39:
;MyProject.c,229 :: 		while(count111!=0)
L_main40:
0x0269	0x3000      	MOVLW      0
0x026A	0x062F      	XORWF      _count111+1, 0
0x026B	0x1D03      	BTFSS      STATUS, 2
0x026C	0x2A6F      	GOTO       L__main71
0x026D	0x3000      	MOVLW      0
0x026E	0x062E      	XORWF      _count111, 0
L__main71:
0x026F	0x1903      	BTFSC      STATUS, 2
0x0270	0x2A79      	GOTO       L_main41
;MyProject.c,231 :: 		MoveXoneStep(0);
0x0271	0x01C9      	CLRF       FARG_MoveXoneStep_dir
0x0272	0x01CA      	CLRF       FARG_MoveXoneStep_dir+1
0x0273	0x20ED      	CALL       _MoveXoneStep
;MyProject.c,232 :: 		count111--;
0x0274	0x3001      	MOVLW      1
0x0275	0x02AE      	SUBWF      _count111, 1
0x0276	0x1C03      	BTFSS      STATUS, 0
0x0277	0x03AF      	DECF       _count111+1, 1
;MyProject.c,234 :: 		}
0x0278	0x2A69      	GOTO       L_main40
L_main41:
;MyProject.c,237 :: 		while(count222!=0)
L_main42:
0x0279	0x3000      	MOVLW      0
0x027A	0x0633      	XORWF      _count222+1, 0
0x027B	0x1D03      	BTFSS      STATUS, 2
0x027C	0x2A7F      	GOTO       L__main72
0x027D	0x3000      	MOVLW      0
0x027E	0x0632      	XORWF      _count222, 0
L__main72:
0x027F	0x1903      	BTFSC      STATUS, 2
0x0280	0x2A89      	GOTO       L_main43
;MyProject.c,239 :: 		MoveYoneStep(0);
0x0281	0x01C9      	CLRF       FARG_MoveYoneStep_dir
0x0282	0x01CA      	CLRF       FARG_MoveYoneStep_dir+1
0x0283	0x2126      	CALL       _MoveYoneStep
;MyProject.c,240 :: 		count222--;
0x0284	0x3001      	MOVLW      1
0x0285	0x02B2      	SUBWF      _count222, 1
0x0286	0x1C03      	BTFSS      STATUS, 0
0x0287	0x03B3      	DECF       _count222+1, 1
;MyProject.c,242 :: 		}
0x0288	0x2A79      	GOTO       L_main42
L_main43:
;MyProject.c,244 :: 		while(count333!=0)
L_main44:
0x0289	0x3000      	MOVLW      0
0x028A	0x0637      	XORWF      _count333+1, 0
0x028B	0x1D03      	BTFSS      STATUS, 2
0x028C	0x2A8F      	GOTO       L__main73
0x028D	0x3000      	MOVLW      0
0x028E	0x0636      	XORWF      _count333, 0
L__main73:
0x028F	0x1903      	BTFSC      STATUS, 2
0x0290	0x2A9B      	GOTO       L_main45
;MyProject.c,246 :: 		MoveXoneStep(1);
0x0291	0x3001      	MOVLW      1
0x0292	0x00C9      	MOVWF      FARG_MoveXoneStep_dir
0x0293	0x3000      	MOVLW      0
0x0294	0x00CA      	MOVWF      FARG_MoveXoneStep_dir+1
0x0295	0x20ED      	CALL       _MoveXoneStep
;MyProject.c,247 :: 		count333--;
0x0296	0x3001      	MOVLW      1
0x0297	0x02B6      	SUBWF      _count333, 1
0x0298	0x1C03      	BTFSS      STATUS, 0
0x0299	0x03B7      	DECF       _count333+1, 1
;MyProject.c,248 :: 		}
0x029A	0x2A89      	GOTO       L_main44
L_main45:
;MyProject.c,251 :: 		while(count444!=0)
L_main46:
0x029B	0x3000      	MOVLW      0
0x029C	0x0635      	XORWF      _count444+1, 0
0x029D	0x1D03      	BTFSS      STATUS, 2
0x029E	0x2AA1      	GOTO       L__main74
0x029F	0x3000      	MOVLW      0
0x02A0	0x0634      	XORWF      _count444, 0
L__main74:
0x02A1	0x1903      	BTFSC      STATUS, 2
0x02A2	0x2AAD      	GOTO       L_main47
;MyProject.c,253 :: 		MoveYoneStep(1);
0x02A3	0x3001      	MOVLW      1
0x02A4	0x00C9      	MOVWF      FARG_MoveYoneStep_dir
0x02A5	0x3000      	MOVLW      0
0x02A6	0x00CA      	MOVWF      FARG_MoveYoneStep_dir+1
0x02A7	0x2126      	CALL       _MoveYoneStep
;MyProject.c,254 :: 		count444--;
0x02A8	0x3001      	MOVLW      1
0x02A9	0x02B4      	SUBWF      _count444, 1
0x02AA	0x1C03      	BTFSS      STATUS, 0
0x02AB	0x03B5      	DECF       _count444+1, 1
;MyProject.c,256 :: 		}
0x02AC	0x2A9B      	GOTO       L_main46
L_main47:
;MyProject.c,258 :: 		}
L_main15:
;MyProject.c,261 :: 		}
L_main14:
;MyProject.c,262 :: 		}
0x02AD	0x2996      	GOTO       L_main12
;MyProject.c,264 :: 		}
L_end_main:
0x02AE	0x2AAE      	GOTO       $+0
; end of _main
Symbol List:
//** Routines locations **
//ADDRESS    SIZE    PROCEDURE
//----------------------------------------------
0x0004      [24]    _interrupt
0x001C       [4]    _FIXSIGN32
0x0020       [7]    _RES032
0x0027      [12]    _SETFUN32
0x0033      [47]    _NRM3232
0x0062      [80]    _Compare_Double
0x00B2      [22]    _word2double
0x00C8       [7]    _____DoICP
0x00CF      [30]    _Delay500Us
0x00ED      [23]    _MoveXoneStep
0x0104      [11]    _UART1_Read
0x010F       [7]    _UART1_Data_Ready
0x0116      [16]    _UART1_Init
0x0126      [23]    _MoveYoneStep
0x013D      [12]    ___CC2DW
0x0149     [358]    _main
//** Variables locations ** 
//ADDRESS    SIZE    VARIABLE
//----------------------------------------------
0x0000       [1]    INDF
0x0002       [1]    PCL
0x0003       [1]    STATUS
0x0004       [1]    FSR
0x0006       [1]    PORTB
0x0008       [1]    PORTD
0x000A       [1]    PCLATH
0x000B       [1]    INTCON
0x000C       [1]    PIR1
0x0018       [1]    RCSTA
0x001A       [1]    RCREG
0x0020       [1]    __math_tempbD
0x0022       [2]    _count3
0x0024       [2]    _count2
0x0026       [2]    _count4
0x0028       [2]    _move2
0x002A       [2]    _move1
0x002C       [2]    _count1
0x002E       [2]    _count111
0x0030       [2]    _move4
0x0032       [2]    _count222
0x0034       [2]    _count444
0x0036       [2]    _count333
0x0038       [2]    _count22
0x003A       [2]    _count11
0x003C       [2]    _count33
0x003E       [2]    _move3
0x0040       [2]    _count44
0x0042       [2]    ___DoICPAddr
0x0044       [2]    _i
0x0046       [1]    _rcv
0x0047       [1]    ___savePCLATH
0x0048       [1]    ___saveSTATUS
0x0049       [2]    FARG_MoveYoneStep_dir
0x0049       [2]    FARG_MoveXoneStep_dir
0x0070       [1]    R0
0x0071       [1]    R1
0x0072       [1]    R2
0x0073       [1]    R3
0x0074       [1]    R4
0x0075       [1]    R5
0x0076       [1]    R6
0x0077       [1]    R7
0x0078       [1]    R8
0x0079       [1]    R9
0x007A       [1]    R10
0x007B       [1]    R11
0x007C       [1]    R12
0x007D       [1]    R13
0x007E       [1]    R14
0x007F       [1]    R15
0x0086       [1]    TRISB
0x0087       [0]    TRISC6_bit
0x0087       [0]    TRISC7_bit
0x0088       [1]    TRISD
0x0098       [1]    TXSTA
0x0099       [1]    SPBRG
